Build started 2017-04-13 3:13:25 PM.
     1>Project "C:\Users\Martin\Dropbox\School\4th Year\CS 4442 - Artificial Intelligence II\Assignments\Assignment 3\A3_Remmy_Kilonzo\P5\P5\P5.vcxproj" on node 2 (Build target(s)).
     1>ClCompile:
         C:\Program Files (x86)\Microsoft Visual Studio\VC\bin\CL.exe /c /ZI /nologo /W3 /WX- /sdl /Od /Oy- /D WIN32 /D _DEBUG /D _CONSOLE /D _LIB /D _UNICODE /D UNICODE /Gm /EHsc /RTC1 /MDd /GS /fp:precise /Zc:wchar_t /Zc:forScope /Fo"Debug\\" /Fd"Debug\vc120.pdb" /Gd /TP /analyze- /errorReport:prompt P5.cpp
         P5.cpp
     1>c:\users\martin\dropbox\school\4th year\cs 4442 - artificial intelligence ii\assignments\assignment 3\a3_remmy_kilonzo\p5\p5\p5.cpp(58): warning C4244: 'argument' : conversion from 'double' to 'unsigned int', possible loss of data
     1>c:\users\martin\dropbox\school\4th year\cs 4442 - artificial intelligence ii\assignments\assignment 3\a3_remmy_kilonzo\p5\p5\p5.cpp(138): warning C4244: 'argument' : conversion from 'double' to 'unsigned int', possible loss of data
     1>c:\users\martin\dropbox\school\4th year\cs 4442 - artificial intelligence ii\assignments\assignment 3\a3_remmy_kilonzo\p5\p5\p5.cpp(153): warning C4244: 'argument' : conversion from 'double' to 'unsigned int', possible loss of data
     1>c:\users\martin\dropbox\school\4th year\cs 4442 - artificial intelligence ii\assignments\assignment 3\a3_remmy_kilonzo\p5\p5\p5.cpp(178): warning C4244: 'argument' : conversion from 'double' to 'unsigned int', possible loss of data
     1>c:\users\martin\dropbox\school\4th year\cs 4442 - artificial intelligence ii\assignments\assignment 3\a3_remmy_kilonzo\p5\p5\p5.cpp(200): warning C4244: 'argument' : conversion from 'double' to 'int', possible loss of data
     1>c:\users\martin\dropbox\school\4th year\cs 4442 - artificial intelligence ii\assignments\assignment 3\a3_remmy_kilonzo\p5\p5\p5.cpp(205): warning C4244: 'argument' : conversion from 'double' to 'int', possible loss of data
     1>c:\users\martin\dropbox\school\4th year\cs 4442 - artificial intelligence ii\assignments\assignment 3\a3_remmy_kilonzo\p5\p5\p5.cpp(217): warning C4244: 'argument' : conversion from 'double' to 'int', possible loss of data
     1>c:\users\martin\dropbox\school\4th year\cs 4442 - artificial intelligence ii\assignments\assignment 3\a3_remmy_kilonzo\p5\p5\p5.cpp(227): warning C4244: 'argument' : conversion from 'double' to 'int', possible loss of data
       Link:
         C:\Program Files (x86)\Microsoft Visual Studio\VC\bin\link.exe /ERRORREPORT:PROMPT /OUT:"C:\Users\Martin\Dropbox\School\4th Year\CS 4442 - Artificial Intelligence II\Assignments\Assignment 3\A3_Remmy_Kilonzo\P5\Debug\P5.exe" /INCREMENTAL /NOLOGO kernel32.lib user32.lib gdi32.lib winspool.lib comdlg32.lib advapi32.lib shell32.lib ole32.lib oleaut32.lib uuid.lib odbc32.lib odbccp32.lib /MANIFEST /MANIFESTUAC:"level='asInvoker' uiAccess='false'" /manifest:embed /DEBUG /PDB:"C:\Users\Martin\Dropbox\School\4th Year\CS 4442 - Artificial Intelligence II\Assignments\Assignment 3\A3_Remmy_Kilonzo\P5\Debug\P5.pdb" /SUBSYSTEM:CONSOLE /TLBID:1 /DYNAMICBASE /NXCOMPAT /IMPLIB:"C:\Users\Martin\Dropbox\School\4th Year\CS 4442 - Artificial Intelligence II\Assignments\Assignment 3\A3_Remmy_Kilonzo\P5\Debug\P5.lib" /MACHINE:X86 Debug\fileRead.obj
         Debug\P5.obj
         P5.vcxproj -> C:\Users\Martin\Dropbox\School\4th Year\CS 4442 - Artificial Intelligence II\Assignments\Assignment 3\A3_Remmy_Kilonzo\P5\Debug\P5.exe
     1>Done Building Project "C:\Users\Martin\Dropbox\School\4th Year\CS 4442 - Artificial Intelligence II\Assignments\Assignment 3\A3_Remmy_Kilonzo\P5\P5\P5.vcxproj" (Build target(s)).

Build succeeded.

Time Elapsed 00:00:01.79
