Build started 2017-04-13 11:24:36 PM.
     1>Project "C:\Users\Martin\Dropbox\School\4th Year\CS 4442 - Artificial Intelligence II\Assignments\Assignment 3\A3_Remmy_Kilonzo\P5\P5\P5.vcxproj" on node 2 (Build target(s)).
     1>ClCompile:
         C:\Program Files (x86)\Microsoft Visual Studio\VC\bin\CL.exe /c /Zi /nologo /W3 /WX- /sdl /O2 /Oi /Oy- /GL /D WIN32 /D NDEBUG /D _CONSOLE /D _LIB /D _UNICODE /D UNICODE /Gm- /EHsc /MD /GS /Gy /fp:precise /Zc:wchar_t /Zc:forScope /Fo"Release\\" /Fd"Release\vc120.pdb" /Gd /TP /analyze- /errorReport:prompt P5.cpp
         P5.cpp
     1>P5.cpp(60): warning C4244: 'argument' : conversion from 'double' to 'unsigned int', possible loss of data
     1>P5.cpp(136): warning C4244: 'argument' : conversion from 'double' to 'unsigned int', possible loss of data
     1>P5.cpp(151): warning C4244: 'argument' : conversion from 'double' to 'unsigned int', possible loss of data
     1>P5.cpp(170): warning C4244: 'argument' : conversion from 'double' to 'unsigned int', possible loss of data
     1>P5.cpp(191): warning C4244: 'argument' : conversion from 'double' to 'int', possible loss of data
     1>P5.cpp(195): warning C4244: 'argument' : conversion from 'double' to 'int', possible loss of data
     1>P5.cpp(205): warning C4244: 'argument' : conversion from 'double' to 'int', possible loss of data
     1>P5.cpp(215): warning C4244: 'argument' : conversion from 'double' to 'int', possible loss of data
       Link:
         C:\Program Files (x86)\Microsoft Visual Studio\VC\bin\link.exe /ERRORREPORT:PROMPT /OUT:"C:\Users\Martin\Dropbox\School\4th Year\CS 4442 - Artificial Intelligence II\Assignments\Assignment 3\A3_Remmy_Kilonzo\P5\Release\P5.exe" /INCREMENTAL:NO /NOLOGO kernel32.lib user32.lib gdi32.lib winspool.lib comdlg32.lib advapi32.lib shell32.lib ole32.lib oleaut32.lib uuid.lib odbc32.lib odbccp32.lib /MANIFEST /MANIFESTUAC:"level='asInvoker' uiAccess='false'" /manifest:embed /DEBUG /PDB:"C:\Users\Martin\Dropbox\School\4th Year\CS 4442 - Artificial Intelligence II\Assignments\Assignment 3\A3_Remmy_Kilonzo\P5\Release\P5.pdb" /SUBSYSTEM:CONSOLE /OPT:REF /OPT:ICF /LTCG /TLBID:1 /DYNAMICBASE /NXCOMPAT /IMPLIB:"C:\Users\Martin\Dropbox\School\4th Year\CS 4442 - Artificial Intelligence II\Assignments\Assignment 3\A3_Remmy_Kilonzo\P5\Release\P5.lib" /MACHINE:X86 /SAFESEH Release\fileRead.obj
         Release\P5.obj
     1>LINK : fatal error LNK1104: cannot open file 'C:\Users\Martin\Dropbox\School\4th Year\CS 4442 - Artificial Intelligence II\Assignments\Assignment 3\A3_Remmy_Kilonzo\P5\Release\P5.exe'
     1>Done Building Project "C:\Users\Martin\Dropbox\School\4th Year\CS 4442 - Artificial Intelligence II\Assignments\Assignment 3\A3_Remmy_Kilonzo\P5\P5\P5.vcxproj" (Build target(s)) -- FAILED.

Build FAILED.

Time Elapsed 00:00:01.64
