Build started 2017-04-13 11:34:24 PM.
     1>Project "C:\Users\Martin\Dropbox\School\4th Year\CS 4442 - Artificial Intelligence II\Assignments\Assignment 3\A3_Remmy_Kilonzo\P6\P6\P6.vcxproj" on node 2 (Build target(s)).
     1>ClCompile:
         C:\Program Files (x86)\Microsoft Visual Studio\VC\bin\CL.exe /c /Zi /nologo /W3 /WX- /sdl /O2 /Oi /Oy- /GL /D WIN32 /D NDEBUG /D _CONSOLE /D _LIB /D _UNICODE /D UNICODE /Gm- /EHsc /MD /GS /Gy /fp:precise /Zc:wchar_t /Zc:forScope /Fo"Release\\" /Fd"Release\vc120.pdb" /Gd /TP /analyze- /errorReport:prompt P6.cpp
         P6.cpp
     1>P6.cpp(59): warning C4018: '<' : signed/unsigned mismatch
     1>P6.cpp(74): warning C4018: '<' : signed/unsigned mismatch
     1>P6.cpp(85): warning C4018: '<' : signed/unsigned mismatch
     1>P6.cpp(87): warning C4018: '<' : signed/unsigned mismatch
     1>P6.cpp(133): warning C4018: '<' : signed/unsigned mismatch
     1>P6.cpp(140): warning C4018: '<' : signed/unsigned mismatch
       Link:
         C:\Program Files (x86)\Microsoft Visual Studio\VC\bin\link.exe /ERRORREPORT:PROMPT /OUT:"C:\Users\Martin\Dropbox\School\4th Year\CS 4442 - Artificial Intelligence II\Assignments\Assignment 3\A3_Remmy_Kilonzo\P6\Release\P6.exe" /INCREMENTAL:NO /NOLOGO kernel32.lib user32.lib gdi32.lib winspool.lib comdlg32.lib advapi32.lib shell32.lib ole32.lib oleaut32.lib uuid.lib odbc32.lib odbccp32.lib /MANIFEST /MANIFESTUAC:"level='asInvoker' uiAccess='false'" /manifest:embed /DEBUG /PDB:"C:\Users\Martin\Dropbox\School\4th Year\CS 4442 - Artificial Intelligence II\Assignments\Assignment 3\A3_Remmy_Kilonzo\P6\Release\P6.pdb" /SUBSYSTEM:CONSOLE /OPT:REF /OPT:ICF /LTCG /TLBID:1 /DYNAMICBASE /NXCOMPAT /IMPLIB:"C:\Users\Martin\Dropbox\School\4th Year\CS 4442 - Artificial Intelligence II\Assignments\Assignment 3\A3_Remmy_Kilonzo\P6\Release\P6.lib" /MACHINE:X86 /SAFESEH Release\fileRead.obj
         Release\P6.obj
         Generating code
         Finished generating code
         P6.vcxproj -> C:\Users\Martin\Dropbox\School\4th Year\CS 4442 - Artificial Intelligence II\Assignments\Assignment 3\A3_Remmy_Kilonzo\P6\Release\P6.exe
     1>Done Building Project "C:\Users\Martin\Dropbox\School\4th Year\CS 4442 - Artificial Intelligence II\Assignments\Assignment 3\A3_Remmy_Kilonzo\P6\P6\P6.vcxproj" (Build target(s)).

Build succeeded.

Time Elapsed 00:00:02.36
